<?xml version="1.0" encoding="UTF-8"?>
<testng-results ignored="0" total="2" passed="2" failed="0" skipped="0">
  <reporter-output>
  </reporter-output>
  <suite started-at="2024-07-29T20:35:42 IST" name="Default suite" finished-at="2024-07-29T20:36:00 IST" duration-ms="18239">
    <groups>
    </groups>
    <test started-at="2024-07-29T20:35:42 IST" name="Default test" finished-at="2024-07-29T20:36:00 IST" duration-ms="18239">
      <class name="KCLASS.Demo">
        <test-method signature="a_setup()[pri:0, instance:KCLASS.Demo@6221a451]" started-at="2024-07-29T20:35:42 IST" name="a_setup" finished-at="2024-07-29T20:36:00 IST" duration-ms="18117" status="PASS">
          <reporter-output>
          </reporter-output>
        </test-method> <!-- a_setup -->
        <test-method signature="b_login()[pri:0, instance:KCLASS.Demo@6221a451]" started-at="2024-07-29T20:36:00 IST" name="b_login" finished-at="2024-07-29T20:36:00 IST" duration-ms="3" status="PASS">
          <reporter-output>
          </reporter-output>
        </test-method> <!-- b_login -->
      </class> <!-- KCLASS.Demo -->
    </test> <!-- Default test -->
  </suite> <!-- Default suite -->
</testng-results>
